TN:
SF:src/__tests__/mocks.ts
FN:60,(anonymous_0)
FN:120,(anonymous_1)
FN:134,(anonymous_2)
FN:137,(anonymous_3)
FNF:4
FNH:0
FNDA:0,(anonymous_0)
FNDA:0,(anonymous_1)
FNDA:0,(anonymous_2)
FNDA:0,(anonymous_3)
DA:1,0
DA:4,0
DA:16,0
DA:28,0
DA:40,0
DA:51,0
DA:60,0
DA:61,0
DA:62,0
DA:63,0
DA:64,0
DA:65,0
DA:66,0
DA:67,0
DA:68,0
DA:69,0
DA:70,0
DA:71,0
DA:72,0
DA:73,0
DA:75,0
DA:82,0
DA:120,0
DA:134,0
DA:137,0
LF:25
LH:0
BRDA:120,0,0,0
BRF:1
BRH:0
end_of_record
TN:
SF:src/db/index.ts
FNF:0
FNH:0
DA:1,0
DA:2,0
DA:3,0
DA:5,0
DA:8,0
DA:9,0
LF:6
LH:0
BRDA:5,0,0,0
BRDA:5,0,1,0
BRF:2
BRH:0
end_of_record
TN:
SF:src/db/schema.ts
FN:26,(anonymous_0)
FN:29,(anonymous_1)
FN:41,(anonymous_2)
FN:50,(anonymous_3)
FN:55,(anonymous_4)
FN:66,(anonymous_5)
FN:68,(anonymous_6)
FN:70,(anonymous_7)
FN:71,(anonymous_8)
FN:80,(anonymous_9)
FNF:10
FNH:0
FNDA:0,(anonymous_0)
FNDA:0,(anonymous_1)
FNDA:0,(anonymous_2)
FNDA:0,(anonymous_3)
FNDA:0,(anonymous_4)
FNDA:0,(anonymous_5)
FNDA:0,(anonymous_6)
FNDA:0,(anonymous_7)
FNDA:0,(anonymous_8)
FNDA:0,(anonymous_9)
DA:1,0
DA:4,0
DA:18,0
DA:26,0
DA:29,0
DA:36,0
DA:41,0
DA:50,0
DA:55,0
DA:63,0
DA:66,0
DA:68,0
DA:70,0
DA:71,0
DA:77,0
DA:80,0
DA:88,0
LF:17
LH:0
BRF:0
BRH:0
end_of_record
TN:
SF:src/middleware/auth.ts
FN:5,(anonymous_0)
FN:22,(anonymous_1)
FNF:2
FNH:0
FNDA:0,(anonymous_0)
FNDA:0,(anonymous_1)
DA:2,0
DA:3,0
DA:5,0
DA:6,0
DA:8,0
DA:9,0
DA:12,0
DA:13,0
DA:14,0
DA:15,0
DA:17,0
DA:18,0
DA:22,0
DA:23,0
DA:25,0
DA:26,0
DA:27,0
DA:28,0
DA:30,0
DA:32,0
DA:35,0
DA:38,0
LF:22
LH:0
BRDA:6,0,0,0
BRDA:6,0,1,0
BRDA:8,1,0,0
BRDA:8,1,1,0
BRDA:13,2,0,0
BRDA:13,2,1,0
BRDA:23,3,0,0
BRDA:23,3,1,0
BRDA:25,4,0,0
BRDA:25,4,1,0
BRDA:27,5,0,0
BRDA:27,5,1,0
BRF:12
BRH:0
end_of_record
TN:
SF:src/middleware/role.ts
FN:5,(anonymous_0)
FNF:1
FNH:0
FNDA:0,(anonymous_0)
DA:2,0
DA:3,0
DA:5,0
DA:6,0
DA:7,0
DA:8,0
DA:9,0
DA:10,0
DA:13,0
DA:14,0
DA:15,0
DA:18,0
DA:20,0
DA:21,0
LF:14
LH:0
BRDA:9,0,0,0
BRDA:9,0,1,0
BRDA:14,1,0,0
BRDA:14,1,1,0
BRF:4
BRH:0
end_of_record
TN:
SF:src/routes/auth.ts
FN:23,(anonymous_0)
FN:49,(anonymous_1)
FN:170,(anonymous_2)
FN:192,(anonymous_3)
FNF:4
FNH:0
FNDA:0,(anonymous_0)
FNDA:0,(anonymous_1)
FNDA:0,(anonymous_2)
FNDA:0,(anonymous_3)
DA:1,0
DA:2,0
DA:3,0
DA:4,0
DA:5,0
DA:6,0
DA:7,0
DA:10,0
DA:23,0
DA:24,0
DA:25,0
DA:27,0
DA:28,0
DA:31,0
DA:33,0
DA:49,0
DA:50,0
DA:51,0
DA:52,0
DA:54,0
DA:55,0
DA:58,0
DA:60,0
DA:73,0
DA:75,0
DA:76,0
DA:80,0
DA:84,0
DA:87,0
DA:89,0
DA:91,0
DA:92,0
DA:94,0
DA:96,0
DA:101,0
DA:104,0
DA:111,0
DA:115,0
DA:121,0
DA:126,0
DA:134,0
DA:144,0
DA:151,0
DA:152,0
DA:154,0
DA:155,0
DA:170,0
DA:171,0
DA:173,0
DA:174,0
DA:175,0
DA:178,0
DA:192,0
DA:193,0
DA:194,0
DA:197,0
LF:56
LH:0
BRDA:25,0,0,0
BRDA:25,0,1,0
BRDA:27,1,0,0
BRDA:27,1,1,0
BRDA:54,2,0,0
BRDA:54,2,1,0
BRDA:54,3,0,0
BRDA:54,3,1,0
BRDA:54,3,2,0
BRDA:75,4,0,0
BRDA:75,4,1,0
BRDA:89,5,0,0
BRDA:89,5,1,0
BRDA:91,6,0,0
BRDA:91,6,1,0
BRDA:94,7,0,0
BRDA:94,7,1,0
BRDA:105,8,0,0
BRDA:105,8,1,0
BRDA:116,9,0,0
BRDA:116,9,1,0
BRDA:140,10,0,0
BRDA:140,10,1,0
BRDA:151,11,0,0
BRDA:151,11,1,0
BRDA:173,12,0,0
BRDA:173,12,1,0
BRF:27
BRH:0
end_of_record
TN:
SF:src/routes/forms.ts
FN:36,(anonymous_0)
FN:60,(anonymous_1)
FN:103,(anonymous_2)
FN:151,(anonymous_3)
FN:182,(anonymous_4)
FN:210,(anonymous_5)
FN:231,(anonymous_6)
FN:242,(anonymous_7)
FNF:8
FNH:0
FNDA:0,(anonymous_0)
FNDA:0,(anonymous_1)
FNDA:0,(anonymous_2)
FNDA:0,(anonymous_3)
FNDA:0,(anonymous_4)
FNDA:0,(anonymous_5)
FNDA:0,(anonymous_6)
FNDA:0,(anonymous_7)
DA:1,0
DA:2,0
DA:3,0
DA:4,0
DA:5,0
DA:6,0
DA:8,0
DA:11,0
DA:18,0
DA:36,0
DA:37,0
DA:38,0
DA:40,0
DA:42,0
DA:44,0
DA:45,0
DA:60,0
DA:61,0
DA:62,0
DA:63,0
DA:65,0
DA:66,0
DA:69,0
DA:71,0
DA:72,0
DA:75,0
DA:78,0
DA:79,0
DA:82,0
DA:94,0
DA:95,0
DA:103,0
DA:104,0
DA:105,0
DA:106,0
DA:108,0
DA:109,0
DA:112,0
DA:114,0
DA:115,0
DA:118,0
DA:121,0
DA:122,0
DA:125,0
DA:134,0
DA:135,0
DA:151,0
DA:152,0
DA:153,0
DA:154,0
DA:156,0
DA:158,0
DA:160,0
DA:162,0
DA:163,0
DA:165,0
DA:166,0
DA:182,0
DA:183,0
DA:184,0
DA:185,0
DA:186,0
DA:188,0
DA:189,0
DA:192,0
DA:194,0
DA:196,0
DA:198,0
DA:199,0
DA:201,0
DA:202,0
DA:210,0
DA:211,0
DA:212,0
DA:214,0
DA:215,0
DA:218,0
DA:220,0
DA:222,0
DA:223,0
DA:231,0
DA:232,0
DA:233,0
DA:235,0
DA:236,0
DA:240,0
DA:242,0
DA:255,0
DA:257,0
DA:258,0
DA:262,0
LF:91
LH:0
BRDA:65,0,0,0
BRDA:65,0,1,0
BRDA:71,1,0,0
BRDA:71,1,1,0
BRDA:78,2,0,0
BRDA:78,2,1,0
BRDA:78,3,0,0
BRDA:78,3,1,0
BRDA:78,3,2,0
BRDA:85,4,0,0
BRDA:85,4,1,0
BRDA:108,5,0,0
BRDA:108,5,1,0
BRDA:114,6,0,0
BRDA:114,6,1,0
BRDA:121,7,0,0
BRDA:121,7,1,0
BRDA:121,8,0,0
BRDA:121,8,1,0
BRDA:129,9,0,0
BRDA:129,9,1,0
BRDA:130,10,0,0
BRDA:130,10,1,0
BRDA:162,11,0,0
BRDA:162,11,1,0
BRDA:188,12,0,0
BRDA:188,12,1,0
BRDA:198,13,0,0
BRDA:198,13,1,0
BRDA:214,14,0,0
BRDA:214,14,1,0
BRDA:235,15,0,0
BRDA:235,15,1,0
BRDA:246,16,0,0
BRDA:246,16,1,0
BRF:35
BRH:0
end_of_record
TN:
SF:src/routes/settings.ts
FN:26,(anonymous_0)
FN:55,(anonymous_1)
FN:85,(anonymous_2)
FNF:3
FNH:0
FNDA:0,(anonymous_0)
FNDA:0,(anonymous_1)
FNDA:0,(anonymous_2)
DA:1,0
DA:2,0
DA:3,0
DA:4,0
DA:5,0
DA:7,0
DA:10,0
DA:26,0
DA:27,0
DA:28,0
DA:30,0
DA:32,0
DA:33,0
DA:36,0
DA:38,0
DA:39,0
DA:55,0
DA:56,0
DA:57,0
DA:58,0
DA:60,0
DA:62,0
DA:64,0
DA:66,0
DA:67,0
DA:69,0
DA:70,0
DA:85,0
DA:86,0
DA:87,0
DA:91,0
DA:93,0
DA:95,0
DA:96,0
DA:100,0
LF:35
LH:0
BRDA:32,0,0,0
BRDA:32,0,1,0
BRDA:66,1,0,0
BRDA:66,1,1,0
BRF:4
BRH:0
end_of_record
TN:
SF:src/routes/submissions.ts
FN:30,(anonymous_0)
FN:107,(anonymous_1)
FN:117,(anonymous_2)
FN:149,(anonymous_3)
FNF:4
FNH:0
FNDA:0,(anonymous_0)
FNDA:0,(anonymous_1)
FNDA:0,(anonymous_2)
FNDA:0,(anonymous_3)
DA:1,0
DA:2,0
DA:3,0
DA:4,0
DA:5,0
DA:6,0
DA:7,0
DA:9,0
DA:12,0
DA:30,0
DA:31,0
DA:32,0
DA:33,0
DA:34,0
DA:36,0
DA:37,0
DA:40,0
DA:42,0
DA:43,0
DA:46,0
DA:49,0
DA:52,0
DA:53,0
DA:56,0
DA:57,0
DA:60,0
DA:61,0
DA:63,0
DA:64,0
DA:68,0
DA:69,0
DA:72,0
DA:98,0
DA:99,0
DA:107,0
DA:108,0
DA:109,0
DA:111,0
DA:112,0
DA:115,0
DA:117,0
DA:130,0
DA:132,0
DA:133,0
DA:149,0
DA:150,0
DA:151,0
DA:152,0
DA:153,0
DA:155,0
DA:158,0
DA:160,0
DA:161,0
DA:164,0
DA:167,0
DA:168,0
DA:172,0
DA:180,0
DA:183,0
DA:184,0
DA:185,0
DA:186,0
DA:190,0
DA:193,0
DA:205,0
DA:206,0
DA:208,0
DA:209,0
DA:213,0
LF:69
LH:0
BRDA:36,0,0,0
BRDA:36,0,1,0
BRDA:42,1,0,0
BRDA:42,1,1,0
BRDA:52,2,0,0
BRDA:52,2,1,0
BRDA:52,3,0,0
BRDA:52,3,1,0
BRDA:56,4,0,0
BRDA:56,4,1,0
BRDA:56,5,0,0
BRDA:56,5,1,0
BRDA:60,6,0,0
BRDA:60,6,1,0
BRDA:60,7,0,0
BRDA:60,7,1,0
BRDA:63,8,0,0
BRDA:63,8,1,0
BRDA:68,9,0,0
BRDA:68,9,1,0
BRDA:78,10,0,0
BRDA:78,10,1,0
BRDA:80,11,0,0
BRDA:80,11,1,0
BRDA:88,12,0,0
BRDA:88,12,1,0
BRDA:94,13,0,0
BRDA:94,13,1,0
BRDA:111,14,0,0
BRDA:111,14,1,0
BRDA:121,15,0,0
BRDA:121,15,1,0
BRDA:160,16,0,0
BRDA:160,16,1,0
BRDA:167,17,0,0
BRDA:167,17,1,0
BRDA:167,18,0,0
BRDA:167,18,1,0
BRDA:176,19,0,0
BRDA:176,19,1,0
BRDA:177,20,0,0
BRDA:177,20,1,0
BRDA:184,21,0,0
BRDA:184,21,1,0
BRDA:205,22,0,0
BRDA:205,22,1,0
BRF:46
BRH:0
end_of_record
TN:
SF:src/routes/versions.ts
FN:38,(anonymous_0)
FN:72,(anonymous_1)
FN:111,(anonymous_2)
FN:214,(anonymous_3)
FN:253,(anonymous_4)
FN:286,(anonymous_5)
FN:321,(anonymous_6)
FN:353,(anonymous_7)
FN:386,(anonymous_8)
FNF:9
FNH:0
FNDA:0,(anonymous_0)
FNDA:0,(anonymous_1)
FNDA:0,(anonymous_2)
FNDA:0,(anonymous_3)
FNDA:0,(anonymous_4)
FNDA:0,(anonymous_5)
FNDA:0,(anonymous_6)
FNDA:0,(anonymous_7)
FNDA:0,(anonymous_8)
DA:1,0
DA:2,0
DA:3,0
DA:4,0
DA:5,0
DA:6,0
DA:8,0
DA:11,0
DA:18,0
DA:23,0
DA:38,0
DA:39,0
DA:40,0
DA:42,0
DA:43,0
DA:46,0
DA:47,0
DA:49,0
DA:56,0
DA:57,0
DA:72,0
DA:73,0
DA:74,0
DA:75,0
DA:77,0
DA:78,0
DA:81,0
DA:82,0
DA:85,0
DA:87,0
DA:88,0
DA:91,0
DA:93,0
DA:94,0
DA:111,0
DA:112,0
DA:113,0
DA:114,0
DA:115,0
DA:117,0
DA:118,0
DA:121,0
DA:125,0
DA:127,0
DA:128,0
DA:130,0
DA:131,0
DA:132,0
DA:134,0
DA:137,0
DA:147,0
DA:149,0
DA:162,0
DA:169,0
DA:184,0
DA:194,0
DA:195,0
DA:197,0
DA:198,0
DA:214,0
DA:215,0
DA:216,0
DA:217,0
DA:218,0
DA:220,0
DA:221,0
DA:224,0
DA:226,0
DA:228,0
DA:229,0
DA:232,0
DA:234,0
DA:235,0
DA:237,0
DA:238,0
DA:253,0
DA:254,0
DA:255,0
DA:256,0
DA:258,0
DA:259,0
DA:262,0
DA:264,0
DA:265,0
DA:268,0
DA:270,0
DA:271,0
DA:286,0
DA:287,0
DA:288,0
DA:289,0
DA:291,0
DA:292,0
DA:295,0
DA:297,0
DA:298,0
DA:301,0
DA:303,0
DA:304,0
DA:321,0
DA:322,0
DA:323,0
DA:324,0
DA:326,0
DA:327,0
DA:330,0
DA:332,0
DA:337,0
DA:338,0
DA:353,0
DA:354,0
DA:355,0
DA:356,0
DA:358,0
DA:359,0
DA:362,0
DA:364,0
DA:369,0
DA:370,0
DA:386,0
DA:387,0
DA:388,0
DA:389,0
DA:390,0
DA:391,0
DA:393,0
DA:394,0
DA:397,0
DA:399,0
DA:401,0
DA:406,0
DA:407,0
DA:411,0
LF:133
LH:0
BRDA:42,0,0,0
BRDA:42,0,1,0
BRDA:52,1,0,0
BRDA:52,1,1,0
BRDA:77,2,0,0
BRDA:77,2,1,0
BRDA:81,3,0,0
BRDA:81,3,1,0
BRDA:87,4,0,0
BRDA:87,4,1,0
BRDA:117,5,0,0
BRDA:117,5,1,0
BRDA:125,6,0,0
BRDA:125,6,1,0
BRDA:128,7,0,0
BRDA:128,7,1,0
BRDA:132,8,0,0
BRDA:132,8,1,0
BRDA:162,9,0,0
BRDA:162,9,1,0
BRDA:163,10,0,0
BRDA:163,10,1,0
BRDA:165,11,0,0
BRDA:165,11,1,0
BRDA:177,12,0,0
BRDA:177,12,1,0
BRDA:194,13,0,0
BRDA:194,13,1,0
BRDA:220,14,0,0
BRDA:220,14,1,0
BRDA:228,15,0,0
BRDA:228,15,1,0
BRDA:234,16,0,0
BRDA:234,16,1,0
BRDA:258,17,0,0
BRDA:258,17,1,0
BRDA:264,18,0,0
BRDA:264,18,1,0
BRDA:291,19,0,0
BRDA:291,19,1,0
BRDA:297,20,0,0
BRDA:297,20,1,0
BRDA:326,21,0,0
BRDA:326,21,1,0
BRDA:358,22,0,0
BRDA:358,22,1,0
BRDA:393,23,0,0
BRDA:393,23,1,0
BRF:48
BRH:0
end_of_record
TN:
SF:src/services/auth.ts
FN:9,(anonymous_0)
FN:17,(anonymous_1)
FN:25,(anonymous_2)
FN:41,(anonymous_3)
FN:63,(anonymous_4)
FN:82,(anonymous_5)
FN:110,(anonymous_6)
FNF:7
FNH:0
FNDA:0,(anonymous_0)
FNDA:0,(anonymous_1)
FNDA:0,(anonymous_2)
FNDA:0,(anonymous_3)
FNDA:0,(anonymous_4)
FNDA:0,(anonymous_5)
FNDA:0,(anonymous_6)
DA:1,0
DA:3,0
DA:9,0
DA:10,0
DA:17,0
DA:18,0
DA:25,0
DA:34,0
DA:41,0
DA:49,0
DA:63,0
DA:64,0
DA:82,0
DA:90,0
DA:110,0
DA:111,0
LF:16
LH:0
BRF:0
BRH:0
end_of_record
TN:
SF:src/services/forms.ts
FN:10,(anonymous_0)
FN:28,(anonymous_1)
FN:36,(anonymous_2)
FN:59,(anonymous_3)
FN:69,(anonymous_4)
FN:119,(anonymous_5)
FN:131,(anonymous_6)
FN:157,(anonymous_7)
FN:174,(anonymous_8)
FN:182,(anonymous_9)
FNF:10
FNH:0
FNDA:0,(anonymous_0)
FNDA:0,(anonymous_1)
FNDA:0,(anonymous_2)
FNDA:0,(anonymous_3)
FNDA:0,(anonymous_4)
FNDA:0,(anonymous_5)
FNDA:0,(anonymous_6)
FNDA:0,(anonymous_7)
FNDA:0,(anonymous_8)
FNDA:0,(anonymous_9)
DA:1,0
DA:3,0
DA:4,0
DA:10,0
DA:11,0
DA:28,0
DA:29,0
DA:36,0
DA:37,0
DA:59,0
DA:69,0
DA:71,0
DA:82,0
DA:83,0
DA:87,0
DA:88,0
DA:100,0
DA:108,0
DA:111,0
DA:119,0
DA:120,0
DA:131,0
DA:142,0
DA:157,0
DA:158,0
DA:174,0
DA:175,0
DA:182,0
DA:183,0
LF:29
LH:0
BRDA:82,0,0,0
BRDA:82,0,1,0
BRDA:87,1,0,0
BRDA:87,1,1,0
BRDA:157,2,0,0
BRDA:162,3,0,0
BRDA:162,3,1,0
BRF:7
BRH:0
end_of_record
TN:
SF:src/services/submissions.ts
FN:9,(anonymous_0)
FN:34,(anonymous_1)
FN:46,(anonymous_2)
FN:63,(anonymous_3)
FN:71,(anonymous_4)
FN:88,(anonymous_5)
FNF:6
FNH:0
FNDA:0,(anonymous_0)
FNDA:0,(anonymous_1)
FNDA:0,(anonymous_2)
FNDA:0,(anonymous_3)
FNDA:0,(anonymous_4)
FNDA:0,(anonymous_5)
DA:1,0
DA:3,0
DA:9,0
DA:10,0
DA:34,0
DA:35,0
DA:46,0
DA:47,0
DA:63,0
DA:64,0
DA:71,0
DA:81,0
DA:88,0
DA:95,0
LF:14
LH:0
BRF:0
BRH:0
end_of_record
TN:
SF:src/services/versions.ts
FN:13,(anonymous_0)
FN:41,(anonymous_1)
FN:53,(anonymous_2)
FN:65,(anonymous_3)
FN:103,(anonymous_4)
FN:125,(anonymous_5)
FN:164,(anonymous_6)
FN:176,(anonymous_7)
FN:177,(anonymous_8)
FN:204,(anonymous_9)
FN:244,(anonymous_10)
FN:245,(anonymous_11)
FN:295,(anonymous_12)
FN:296,(anonymous_13)
FNF:14
FNH:0
FNDA:0,(anonymous_0)
FNDA:0,(anonymous_1)
FNDA:0,(anonymous_2)
FNDA:0,(anonymous_3)
FNDA:0,(anonymous_4)
FNDA:0,(anonymous_5)
FNDA:0,(anonymous_6)
FNDA:0,(anonymous_7)
FNDA:0,(anonymous_8)
FNDA:0,(anonymous_9)
FNDA:0,(anonymous_10)
FNDA:0,(anonymous_11)
FNDA:0,(anonymous_12)
FNDA:0,(anonymous_13)
DA:1,0
DA:2,0
DA:4,0
DA:13,0
DA:14,0
DA:41,0
DA:42,0
DA:53,0
DA:54,0
DA:65,0
DA:77,0
DA:80,0
DA:87,0
DA:103,0
DA:111,0
DA:125,0
DA:127,0
DA:136,0
DA:147,0
DA:148,0
DA:157,0
DA:164,0
DA:165,0
DA:176,0
DA:177,0
DA:179,0
DA:185,0
DA:186,0
DA:189,0
DA:191,0
DA:192,0
DA:196,0
DA:203,0
DA:204,0
DA:206,0
DA:213,0
DA:222,0
DA:223,0
DA:230,0
DA:236,0
DA:244,0
DA:245,0
DA:247,0
DA:253,0
DA:254,0
DA:257,0
DA:260,0
DA:266,0
DA:267,0
DA:275,0
DA:285,0
DA:287,0
DA:295,0
DA:296,0
DA:298,0
DA:304,0
DA:305,0
DA:309,0
DA:322,0
LF:59
LH:0
BRDA:81,0,0,0
BRDA:81,0,1,0
BRDA:82,1,0,0
BRDA:82,1,1,0
BRDA:84,2,0,0
BRDA:84,2,1,0
BRDA:94,3,0,0
BRDA:94,3,1,0
BRDA:147,4,0,0
BRDA:147,4,1,0
BRDA:185,5,0,0
BRDA:185,5,1,0
BRDA:191,6,0,0
BRDA:191,6,1,0
BRDA:203,7,0,0
BRDA:203,7,1,0
BRDA:222,8,0,0
BRDA:222,8,1,0
BRDA:253,9,0,0
BRDA:253,9,1,0
BRDA:266,10,0,0
BRDA:266,10,1,0
BRDA:304,11,0,0
BRDA:304,11,1,0
BRDA:313,12,0,0
BRDA:313,12,1,0
BRF:26
BRH:0
end_of_record
TN:
SF:src/utils/error-handler.ts
FN:18,(anonymous_0)
FN:27,(anonymous_1)
FN:46,(anonymous_2)
FN:47,(anonymous_3)
FN:65,(anonymous_4)
FN:73,(anonymous_5)
FN:84,(anonymous_6)
FN:92,(anonymous_7)
FNF:8
FNH:0
FNDA:0,(anonymous_0)
FNDA:0,(anonymous_1)
FNDA:0,(anonymous_2)
FNDA:0,(anonymous_3)
FNDA:0,(anonymous_4)
FNDA:0,(anonymous_5)
FNDA:0,(anonymous_6)
FNDA:0,(anonymous_7)
DA:2,0
DA:18,0
DA:27,0
DA:28,0
DA:30,0
DA:31,0
DA:37,0
DA:46,0
DA:47,0
DA:48,0
DA:49,0
DA:51,0
DA:52,0
DA:53,0
DA:56,0
DA:57,0
DA:65,0
DA:66,0
DA:67,0
DA:73,0
DA:74,0
DA:75,0
DA:76,0
DA:78,0
DA:84,0
DA:92,0
LF:26
LH:0
BRDA:30,0,0,0
BRDA:30,0,1,0
BRDA:51,1,0,0
BRDA:51,1,1,0
BRDA:75,2,0,0
BRDA:75,2,1,0
BRDA:84,3,0,0
BRDA:92,4,0,0
BRF:8
BRH:0
end_of_record
